# JRE version: Java(TM) SE Runtime Environment (25.0.1+8) (build 25.0.1+8-LTS-27)
# Java VM: Java HotSpot(TM) 64-Bit Server VM (25.0.1+8-LTS-27, mixed mode, sharing, tiered, compressed oops, compressed class ptrs, parallel gc, windows-amd64)
GC Precious Log:
 CardTable entry size: 512
 CPUs: 4 total, 4 available
 Memory: 3970M
 Large Page Support: Disabled
 NUMA Support: Disabled
 Compressed Oops: Enabled (32-bit)
 Alignments: Space 512K, Generation 512K, Heap 2M
 Heap Min Capacity: 100M
 Heap Initial Capacity: 100M
 Heap Max Capacity: 2G
 Pre-touch: Disabled
 Parallel Workers: 4
Heap:
 PSYoungGen      total 32768K, used 16096K [0x00000000d5580000, 0x00000000d7680000, 0x0000000100000000)
  eden space 30208K, 51% used [0x00000000d5580000,0x00000000d64b95e8,0x00000000d7300000)
  from space 2560K, 19% used [0x00000000d7400000,0x00000000d747ed78,0x00000000d7680000)
  to   space 1024K, 0% used [0x00000000d7300000,0x00000000d7300000,0x00000000d7400000)
 ParOldGen       total 451072K, used 450945K [0x0000000080000000, 0x000000009b880000, 0x00000000d5580000)
  object space 451072K, 99% used [0x0000000080000000,0x000000009b860450,0x000000009b880000)
GC Heap Usage History (20 events):
Event: 3439.423 {heap Before GC invocations=1005 (full 8):
 PSYoungGen      total 26112K, used 25660K [0x00000000d5580000, 0x00000000d8180000, 0x0000000100000000)
  eden space 14848K, 100% used [0x00000000d5580000,0x00000000d6400000,0x00000000d6400000)
  from space 11264K, 95% used [0x00000000d7680000,0x00000000d810f030,0x00000000d8180000)
  to   space 12800K, 0% used [0x00000000d6880000,0x00000000d6880000,0x00000000d7500000)
 ParOldGen       total 400896K, used 396179K [0x0000000080000000, 0x0000000098780000, 0x00000000dEvent: 3439.450 {heap After GC invocations=1005 (full 8):
 PSYoungGen      total 20480K, used 644K [0x00000000d5580000, 0x00000000d7700000, 0x0000000100000000)
  eden space 19456K, 0% used [0x00000000d5580000,0x00000000d5580000,0x00000000d6880000)
  from space 1024K, 62% used [0x00000000d6880000,0x00000000d6921230,0x00000000d6980000)
  to   space 5120K, 0% used [0x00000000d7200000,0x00000000d7200000,0x00000000d7700000)
 ParOldGen       total 407040K, used 406551K [0x0000000080000000, 0x0000000098d80000, 0x00000000d5580000Event: 3439.874 {heap Before GC invocations=1006 (full 8):
 PSYoungGen      total 20480K, used 20100K [0x00000000d5580000, 0x00000000d7700000, 0x0000000100000000)
  eden space 19456K, 100% used [0x00000000d5580000,0x00000000d6880000,0x00000000d6880000)
  from space 1024K, 62% used [0x00000000d6880000,0x00000000d6921230,0x00000000d6980000)
  to   space 5120K, 0% used [0x00000000d7200000,0x00000000d7200000,0x00000000d7700000)
 ParOldGen       total 407040K, used 406551K [0x0000000080000000, 0x0000000098d80000, 0x00000000d55Event: 3439.880 {heap After GC invocations=1006 (full 8):
 PSYoungGen      total 32256K, used 832K [0x00000000d5580000, 0x00000000d7680000, 0x0000000100000000)
  eden space 27648K, 0% used [0x00000000d5580000,0x00000000d5580000,0x00000000d7080000)
  from space 4608K, 18% used [0x00000000d7200000,0x00000000d72d0020,0x00000000d7680000)
  to   space 1536K, 0% used [0x00000000d7080000,0x00000000d7080000,0x00000000d7200000)
 ParOldGen       total 407040K, used 406607K [0x0000000080000000, 0x0000000098d80000, 0x00000000d5580000Event: 3460.520 {heap Before GC invocations=1007 (full 8):
 PSYoungGen      total 32256K, used 28480K [0x00000000d5580000, 0x00000000d7680000, 0x0000000100000000)
  eden space 27648K, 100% used [0x00000000d5580000,0x00000000d7080000,0x00000000d7080000)
  from space 4608K, 18% used [0x00000000d7200000,0x00000000d72d0020,0x00000000d7680000)
  to   space 1536K, 0% used [0x00000000d7080000,0x00000000d7080000,0x00000000d7200000)
 ParOldGen       total 407040K, used 406607K [0x0000000080000000, 0x0000000098d80000, 0x00000000d55Event: 3460.529 {heap After GC invocations=1007 (full 8):
 PSYoungGen      total 29184K, used 1129K [0x00000000d5580000, 0x00000000d7680000, 0x0000000100000000)
  eden space 27648K, 0% used [0x00000000d5580000,0x00000000d5580000,0x00000000d7080000)
  from space 1536K, 73% used [0x00000000d7080000,0x00000000d719a460,0x00000000d7200000)
  to   space 1536K, 0% used [0x00000000d7500000,0x00000000d7500000,0x00000000d7680000)
 ParOldGen       total 407552K, used 407305K [0x0000000080000000, 0x0000000098e00000, 0x00000000d558000Event: 3461.492 {heap Before GC invocations=1008 (full 8):
 PSYoungGen      total 29184K, used 28552K [0x00000000d5580000, 0x00000000d7680000, 0x0000000100000000)
  eden space 27648K, 99% used [0x00000000d5580000,0x00000000d7047d38,0x00000000d7080000)
  from space 1536K, 73% used [0x00000000d7080000,0x00000000d719a460,0x00000000d7200000)
  to   space 1536K, 0% used [0x00000000d7500000,0x00000000d7500000,0x00000000d7680000)
 ParOldGen       total 407552K, used 407305K [0x0000000080000000, 0x0000000098e00000, 0x00000000d558Event: 3461.502 {heap After GC invocations=1008 (full 8):
 PSYoungGen      total 15360K, used 1529K [0x00000000d5580000, 0x00000000d9400000, 0x0000000100000000)
  eden space 13824K, 0% used [0x00000000d5580000,0x00000000d5580000,0x00000000d6300000)
  from space 1536K, 99% used [0x00000000d7500000,0x00000000d767e4a8,0x00000000d7680000)
  to   space 18432K, 0% used [0x00000000d6300000,0x00000000d6300000,0x00000000d7500000)
 ParOldGen       total 421376K, used 421324K [0x0000000080000000, 0x0000000099b80000, 0x00000000d55800Event: 3461.562 {heap Before GC invocations=1009 (full 8):
 PSYoungGen      total 15360K, used 15353K [0x00000000d5580000, 0x00000000d9400000, 0x0000000100000000)
  eden space 13824K, 100% used [0x00000000d5580000,0x00000000d6300000,0x00000000d6300000)
  from space 1536K, 99% used [0x00000000d7500000,0x00000000d767e4a8,0x00000000d7680000)
  to   space 18432K, 0% used [0x00000000d6300000,0x00000000d6300000,0x00000000d7500000)
 ParOldGen       total 433152K, used 432844K [0x0000000080000000, 0x000000009a700000, 0x00000000d5Event: 3461.566 {heap After GC invocations=1009 (full 8):
 PSYoungGen      total 15360K, used 1280K [0x00000000d5580000, 0x00000000d7680000, 0x0000000100000000)
  eden space 13824K, 0% used [0x00000000d5580000,0x00000000d5580000,0x00000000d6300000)
  from space 1536K, 83% used [0x00000000d6300000,0x00000000d6440000,0x00000000d6480000)
  to   space 6656K, 0% used [0x00000000d7000000,0x00000000d7000000,0x00000000d7680000)
 ParOldGen       total 434688K, used 434391K [0x0000000080000000, 0x000000009a880000, 0x00000000d558000Event: 3461.826 {heap Before GC invocations=1010 (full 8):
 PSYoungGen      total 15360K, used 15104K [0x00000000d5580000, 0x00000000d7680000, 0x0000000100000000)
  eden space 13824K, 100% used [0x00000000d5580000,0x00000000d6300000,0x00000000d6300000)
  from space 1536K, 83% used [0x00000000d6300000,0x00000000d6440000,0x00000000d6480000)
  to   space 6656K, 0% used [0x00000000d7000000,0x00000000d7000000,0x00000000d7680000)
 ParOldGen       total 434688K, used 434391K [0x0000000080000000, 0x000000009a880000, 0x00000000d55Event: 3461.839 {heap After GC invocations=1010 (full 8):
 PSYoungGen      total 18432K, used 6646K [0x00000000d5580000, 0x00000000d8100000, 0x0000000100000000)
  eden space 11776K, 0% used [0x00000000d5580000,0x00000000d5580000,0x00000000d6100000)
  from space 6656K, 99% used [0x00000000d7000000,0x00000000d767d808,0x00000000d7680000)
  to   space 15360K, 0% used [0x00000000d6100000,0x00000000d6100000,0x00000000d7000000)
 ParOldGen       total 440832K, used 440669K [0x0000000080000000, 0x000000009ae80000, 0x00000000d55800Event: 3477.636 {heap Before GC invocations=1011 (full 8):
 PSYoungGen      total 18432K, used 18416K [0x00000000d5580000, 0x00000000d8100000, 0x0000000100000000)
  eden space 11776K, 99% used [0x00000000d5580000,0x00000000d60fe990,0x00000000d6100000)
  from space 6656K, 99% used [0x00000000d7000000,0x00000000d767d808,0x00000000d7680000)
  to   space 15360K, 0% used [0x00000000d6100000,0x00000000d6100000,0x00000000d7000000)
 ParOldGen       total 440832K, used 440669K [0x0000000080000000, 0x000000009ae80000, 0x00000000d55Event: 3477.659 {heap After GC invocations=1011 (full 8):
 PSYoungGen      total 27136K, used 2976K [0x00000000d5580000, 0x00000000d7680000, 0x0000000100000000)
  eden space 11776K, 0% used [0x00000000d5580000,0x00000000d5580000,0x00000000d6100000)
  from space 15360K, 19% used [0x00000000d6100000,0x00000000d63e8000,0x00000000d7000000)
  to   space 6656K, 0% used [0x00000000d7000000,0x00000000d7000000,0x00000000d7680000)
 ParOldGen       total 447488K, used 447355K [0x0000000080000000, 0x000000009b500000, 0x00000000d55800Event: 3481.923 {heap Before GC invocations=1012 (full 8):
 PSYoungGen      total 27136K, used 14752K [0x00000000d5580000, 0x00000000d7680000, 0x0000000100000000)
  eden space 11776K, 100% used [0x00000000d5580000,0x00000000d6100000,0x00000000d6100000)
  from space 15360K, 19% used [0x00000000d6100000,0x00000000d63e8000,0x00000000d7000000)
  to   space 6656K, 0% used [0x00000000d7000000,0x00000000d7000000,0x00000000d7680000)
 ParOldGen       total 447488K, used 447355K [0x0000000080000000, 0x000000009b500000, 0x00000000d5Event: 3481.935 {heap After GC invocations=1012 (full 8):
 PSYoungGen      total 27648K, used 5289K [0x00000000d5580000, 0x00000000d7680000, 0x0000000100000000)
  eden space 20992K, 0% used [0x00000000d5580000,0x00000000d5580000,0x00000000d6a00000)
  from space 6656K, 79% used [0x00000000d7000000,0x00000000d752a510,0x00000000d7680000)
  to   space 6144K, 0% used [0x00000000d6a00000,0x00000000d6a00000,0x00000000d7000000)
 ParOldGen       total 450560K, used 450243K [0x0000000080000000, 0x000000009b800000, 0x00000000d558000Event: 3485.206 {heap Before GC invocations=1013 (full 8):
 PSYoungGen      total 27648K, used 26281K [0x00000000d5580000, 0x00000000d7680000, 0x0000000100000000)
  eden space 20992K, 100% used [0x00000000d5580000,0x00000000d6a00000,0x00000000d6a00000)
  from space 6656K, 79% used [0x00000000d7000000,0x00000000d752a510,0x00000000d7680000)
  to   space 6144K, 0% used [0x00000000d6a00000,0x00000000d6a00000,0x00000000d7000000)
 ParOldGen       total 450560K, used 450243K [0x0000000080000000, 0x000000009b800000, 0x00000000d55Event: 3485.210 {heap After GC invocations=1013 (full 8):
 PSYoungGen      total 27136K, used 160K [0x00000000d5580000, 0x00000000d7680000, 0x0000000100000000)
  eden space 20992K, 0% used [0x00000000d5580000,0x00000000d5580000,0x00000000d6a00000)
  from space 6144K, 2% used [0x00000000d6a00000,0x00000000d6a28000,0x00000000d7000000)
  to   space 2560K, 0% used [0x00000000d7400000,0x00000000d7400000,0x00000000d7680000)
 ParOldGen       total 451072K, used 450937K [0x0000000080000000, 0x000000009b880000, 0x00000000d5580000)Event: 3487.746 {heap Before GC invocations=1014 (full 8):
 PSYoungGen      total 27136K, used 21152K [0x00000000d5580000, 0x00000000d7680000, 0x0000000100000000)
  eden space 20992K, 100% used [0x00000000d5580000,0x00000000d6a00000,0x00000000d6a00000)
  from space 6144K, 2% used [0x00000000d6a00000,0x00000000d6a28000,0x00000000d7000000)
  to   space 2560K, 0% used [0x00000000d7400000,0x00000000d7400000,0x00000000d7680000)
 ParOldGen       total 451072K, used 450937K [0x0000000080000000, 0x000000009b880000, 0x00000000d558Event: 3487.751 {heap After GC invocations=1014 (full 8):
 PSYoungGen      total 32768K, used 507K [0x00000000d5580000, 0x00000000d7680000, 0x0000000100000000)
  eden space 30208K, 0% used [0x00000000d5580000,0x00000000d5580000,0x00000000d7300000)
  from space 2560K, 19% used [0x00000000d7400000,0x00000000d747ed78,0x00000000d7680000)
  to   space 1024K, 0% used [0x00000000d7300000,0x00000000d7300000,0x00000000d7400000)
 ParOldGen       total 451072K, used 450945K [0x0000000080000000, 0x000000009b880000, 0x00000000d5580000
Metaspace Usage History (20 events):
Event: 3439.423 {metaspace Before GC invocations=1005 (full 8):
 Metaspace       used 91167K, committed 93120K, reserved 1179648K
  class space    used 7669K, committed 8512K, reserved 1048576K
}
Event: 3439.451 {metaspace After GC invocations=1005 (full 8):
 Metaspace       used 91167K, committed 93120K, reserved 1179648K
  class space    used 7669K, committed 8512K, reserved 1048576K
}
Event: 3439.874 {metaspace Before GC invocations=1006 (full 8):
 Metaspace       used 91168K, committed 93120K, reserved 1179648K
  class space    used 7669K, committed 8512K, reserved 1048576K
}
Event: 3439.880 {metaspace After GC invocations=1006 (full 8):
 Metaspace       used 91168K, committed 93120K, reserved 1179648K
  class space    used 7669K, committed 8512K, reserved 1048576K
}
Event: 3460.520 {metaspace Before GC invocations=1007 (full 8):
 Metaspace       used 91170K, committed 93120K, reserved 1179648K
  class space    used 7669K, committed 8512K, reserved 1048576K
}
Event: 3460.529 {metaspace After GC invocations=1007 (full 8):
 Metaspace       used 91170K, committed 93120K, reserved 1179648K
  class space    used 7669K, committed 8512K, reserved 1048576K
}
Event: 3461.492 {metaspace Before GC invocations=1008 (full 8):
 Metaspace       used 91181K, committed 93120K, reserved 1179648K
  class space    used 7669K, committed 8512K, reserved 1048576K
}
Event: 3461.502 {metaspace After GC invocations=1008 (full 8):
 Metaspace       used 91181K, committed 93120K, reserved 1179648K
  class space    used 7669K, committed 8512K, reserved 1048576K
}
Event: 3461.562 {metaspace Before GC invocations=1009 (full 8):
 Metaspace       used 91181K, committed 93120K, reserved 1179648K
  class space    used 7669K, committed 8512K, reserved 1048576K
}
Event: 3461.566 {metaspace After GC invocations=1009 (full 8):
 Metaspace       used 91181K, committed 93120K, reserved 1179648K
  class space    used 7669K, committed 8512K, reserved 1048576K
}
Event: 3461.826 {metaspace Before GC invocations=1010 (full 8):
 Metaspace       used 91181K, committed 93120K, reserved 1179648K
  class space    used 7669K, committed 8512K, reserved 1048576K
}
Event: 3461.839 {metaspace After GC invocations=1010 (full 8):
 Metaspace       used 91181K, committed 93120K, reserved 1179648K
  class space    used 7669K, committed 8512K, reserved 1048576K
}
Event: 3477.636 {metaspace Before GC invocations=1011 (full 8):
 Metaspace       used 91234K, committed 93120K, reserved 1179648K
  class space    used 7679K, committed 8512K, reserved 1048576K
}
Event: 3477.659 {metaspace After GC invocations=1011 (full 8):
 Metaspace       used 91234K, committed 93120K, reserved 1179648K
  class space    used 7679K, committed 8512K, reserved 1048576K
}
Event: 3481.923 {metaspace Before GC invocations=1012 (full 8):
 Metaspace       used 91472K, committed 93184K, reserved 1179648K
  class space    used 7714K, committed 8512K, reserved 1048576K
}
Event: 3481.935 {metaspace After GC invocations=1012 (full 8):
 Metaspace       used 91472K, committed 93184K, reserved 1179648K
  class space    used 7714K, committed 8512K, reserved 1048576K
}
Event: 3485.206 {metaspace Before GC invocations=1013 (full 8):
 Metaspace       used 91622K, committed 93248K, reserved 1179648K
  class space    used 7724K, committed 8512K, reserved 1048576K
}
Event: 3485.211 {metaspace After GC invocations=1013 (full 8):
 Metaspace       used 91622K, committed 93248K, reserved 1179648K
  class space    used 7724K, committed 8512K, reserved 1048576K
}
Event: 3487.746 {metaspace Before GC invocations=1014 (full 8):
 Metaspace       used 92474K, committed 94272K, reserved 1179648K
  class space    used 7884K, committed 8704K, reserved 1048576K
}
Event: 3487.751 {metaspace After GC invocations=1014 (full 8):
 Metaspace       used 92474K, committed 94272K, reserved 1179648K
  class space    used 7884K, committed 8704K, reserved 1048576K
}

