# JRE version: Java(TM) SE Runtime Environment (25.0.1+8) (build 25.0.1+8-LTS-27)
# Java VM: Java HotSpot(TM) 64-Bit Server VM (25.0.1+8-LTS-27, mixed mode, sharing, tiered, compressed oops, compressed class ptrs, parallel gc, windows-amd64)
GC Precious Log:
 CardTable entry size: 512
 CPUs: 4 total, 4 available
 Memory: 3970M
 Large Page Support: Disabled
 NUMA Support: Disabled
 Compressed Oops: Enabled (32-bit)
 Alignments: Space 512K, Generation 512K, Heap 2M
 Heap Min Capacity: 100M
 Heap Initial Capacity: 100M
 Heap Max Capacity: 2G
 Pre-touch: Disabled
 Parallel Workers: 4
Heap:
 PSYoungGen      total 37376K, used 33525K [0x00000000d5580000, 0x00000000d7b80000, 0x0000000100000000)
  eden space 36864K, 89% used [0x00000000d5580000,0x00000000d75bd5e8,0x00000000d7980000)
  from space 512K, 100% used [0x00000000d7a80000,0x00000000d7b00000,0x00000000d7b00000)
  to   space 512K, 0% used [0x00000000d7b00000,0x00000000d7b00000,0x00000000d7b80000)
 ParOldGen       total 1057280K, used 1056865K [0x0000000080000000, 0x00000000c0880000, 0x00000000d5580000)
  object space 1057280K, 99% used [0x0000000080000000,0x00000000c08185b8,0x00000000c0880000)
GC Heap Usage History (20 events):
Event: 2383.117 {heap Before GC invocations=1272 (full 9):
 PSYoungGen      total 29184K, used 18041K [0x00000000d5580000, 0x00000000d9280000, 0x0000000100000000)
  eden space 26624K, 58% used [0x00000000d5580000,0x00000000d649e710,0x00000000d6f80000)
  from space 2560K, 100% used [0x00000000d7000000,0x00000000d7280000,0x00000000d7280000)
  to   space 17920K, 0% used [0x00000000d8100000,0x00000000d8100000,0x00000000d9280000)
 ParOldGen       total 996864K, used 996500K [0x0000000080000000, 0x00000000bcd80000, 0x00000000d5Event: 2383.128 {heap After GC invocations=1272 (full 9):
 PSYoungGen      total 36352K, used 10216K [0x00000000d5580000, 0x00000000d8b00000, 0x0000000100000000)
  eden space 26112K, 0% used [0x00000000d5580000,0x00000000d5580000,0x00000000d6f00000)
  from space 10240K, 99% used [0x00000000d8100000,0x00000000d8afa020,0x00000000d8b00000)
  to   space 12288K, 0% used [0x00000000d7300000,0x00000000d7300000,0x00000000d7f00000)
 ParOldGen       total 997376K, used 997078K [0x0000000080000000, 0x00000000bce00000, 0x00000000d558Event: 2383.154 {heap Before GC invocations=1273 (full 9):
 PSYoungGen      total 36352K, used 36328K [0x00000000d5580000, 0x00000000d8b00000, 0x0000000100000000)
  eden space 26112K, 100% used [0x00000000d5580000,0x00000000d6f00000,0x00000000d6f00000)
  from space 10240K, 99% used [0x00000000d8100000,0x00000000d8afa020,0x00000000d8b00000)
  to   space 12288K, 0% used [0x00000000d7300000,0x00000000d7300000,0x00000000d7f00000)
 ParOldGen       total 997376K, used 997078K [0x0000000080000000, 0x00000000bce00000, 0x00000000dEvent: 2383.163 {heap After GC invocations=1273 (full 9):
 PSYoungGen      total 28672K, used 2892K [0x00000000d5580000, 0x00000000d8180000, 0x0000000100000000)
  eden space 25600K, 0% used [0x00000000d5580000,0x00000000d5580000,0x00000000d6e80000)
  from space 3072K, 94% used [0x00000000d7300000,0x00000000d75d3020,0x00000000d7600000)
  to   space 6144K, 0% used [0x00000000d7b80000,0x00000000d7b80000,0x00000000d8180000)
 ParOldGen       total 998912K, used 998454K [0x0000000080000000, 0x00000000bcf80000, 0x00000000d558000Event: 2399.144 {heap Before GC invocations=1274 (full 9):
 PSYoungGen      total 28672K, used 28492K [0x00000000d5580000, 0x00000000d8180000, 0x0000000100000000)
  eden space 25600K, 100% used [0x00000000d5580000,0x00000000d6e80000,0x00000000d6e80000)
  from space 3072K, 94% used [0x00000000d7300000,0x00000000d75d3020,0x00000000d7600000)
  to   space 6144K, 0% used [0x00000000d7b80000,0x00000000d7b80000,0x00000000d8180000)
 ParOldGen       total 998912K, used 998454K [0x0000000080000000, 0x00000000bcf80000, 0x00000000d55Event: 2399.162 {heap After GC invocations=1274 (full 9):
 PSYoungGen      total 31232K, used 6140K [0x00000000d5580000, 0x00000000d8700000, 0x0000000100000000)
  eden space 25088K, 0% used [0x00000000d5580000,0x00000000d5580000,0x00000000d6e00000)
  from space 6144K, 99% used [0x00000000d7b80000,0x00000000d817f288,0x00000000d8180000)
  to   space 12800K, 0% used [0x00000000d6e00000,0x00000000d6e00000,0x00000000d7a80000)
 ParOldGen       total 1003520K, used 1003327K [0x0000000080000000, 0x00000000bd400000, 0x00000000d558Event: 2399.433 {heap Before GC invocations=1275 (full 9):
 PSYoungGen      total 31232K, used 26477K [0x00000000d5580000, 0x00000000d8700000, 0x0000000100000000)
  eden space 25088K, 81% used [0x00000000d5580000,0x00000000d695c3a8,0x00000000d6e00000)
  from space 6144K, 99% used [0x00000000d7b80000,0x00000000d817f288,0x00000000d8180000)
  to   space 12800K, 0% used [0x00000000d6e00000,0x00000000d6e00000,0x00000000d7a80000)
 ParOldGen       total 1003520K, used 1003327K [0x0000000080000000, 0x00000000bd400000, 0x00000000dEvent: 2399.460 {heap After GC invocations=1275 (full 9):
 PSYoungGen      total 36352K, used 11448K [0x00000000d5580000, 0x00000000d8580000, 0x0000000100000000)
  eden space 24576K, 0% used [0x00000000d5580000,0x00000000d5580000,0x00000000d6d80000)
  from space 11776K, 97% used [0x00000000d6e00000,0x00000000d792e010,0x00000000d7980000)
  to   space 12288K, 0% used [0x00000000d7980000,0x00000000d7980000,0x00000000d8580000)
 ParOldGen       total 1009664K, used 1009515K [0x0000000080000000, 0x00000000bda00000, 0x00000000d5Event: 2399.469 {heap Before GC invocations=1276 (full 9):
 PSYoungGen      total 36352K, used 30710K [0x00000000d5580000, 0x00000000d8580000, 0x0000000100000000)
  eden space 24576K, 78% used [0x00000000d5580000,0x00000000d684fa98,0x00000000d6d80000)
  from space 11776K, 97% used [0x00000000d6e00000,0x00000000d792e010,0x00000000d7980000)
  to   space 12288K, 0% used [0x00000000d7980000,0x00000000d7980000,0x00000000d8580000)
 ParOldGen       total 1009664K, used 1009515K [0x0000000080000000, 0x00000000bda00000, 0x00000000Event: 2399.492 {heap After GC invocations=1276 (full 9):
 PSYoungGen      total 37376K, used 11552K [0x00000000d5580000, 0x00000000d8900000, 0x0000000100000000)
  eden space 25088K, 0% used [0x00000000d5580000,0x00000000d5580000,0x00000000d6e00000)
  from space 12288K, 94% used [0x00000000d7980000,0x00000000d84c8010,0x00000000d8580000)
  to   space 11776K, 0% used [0x00000000d6e00000,0x00000000d6e00000,0x00000000d7980000)
 ParOldGen       total 1029632K, used 1028622K [0x0000000080000000, 0x00000000bed80000, 0x00000000d5Event: 2400.624 {heap Before GC invocations=1277 (full 9):
 PSYoungGen      total 37376K, used 36640K [0x00000000d5580000, 0x00000000d8900000, 0x0000000100000000)
  eden space 25088K, 100% used [0x00000000d5580000,0x00000000d6e00000,0x00000000d6e00000)
  from space 12288K, 94% used [0x00000000d7980000,0x00000000d84c8010,0x00000000d8580000)
  to   space 11776K, 0% used [0x00000000d6e00000,0x00000000d6e00000,0x00000000d7980000)
 ParOldGen       total 1029632K, used 1028622K [0x0000000080000000, 0x00000000bed80000, 0x0000000Event: 2400.641 {heap After GC invocations=1277 (full 9):
 PSYoungGen      total 36864K, used 8252K [0x00000000d5580000, 0x00000000d8580000, 0x0000000100000000)
  eden space 25088K, 0% used [0x00000000d5580000,0x00000000d5580000,0x00000000d6e00000)
  from space 11776K, 70% used [0x00000000d6e00000,0x00000000d760f020,0x00000000d7980000)
  to   space 9728K, 0% used [0x00000000d7c00000,0x00000000d7c00000,0x00000000d8580000)
 ParOldGen       total 1029632K, used 1028622K [0x0000000080000000, 0x00000000bed80000, 0x00000000d558Event: 2401.204 {heap Before GC invocations=1278 (full 9):
 PSYoungGen      total 36864K, used 33331K [0x00000000d5580000, 0x00000000d8580000, 0x0000000100000000)
  eden space 25088K, 99% used [0x00000000d5580000,0x00000000d6dfddc0,0x00000000d6e00000)
  from space 11776K, 70% used [0x00000000d6e00000,0x00000000d760f020,0x00000000d7980000)
  to   space 9728K, 0% used [0x00000000d7c00000,0x00000000d7c00000,0x00000000d8580000)
 ParOldGen       total 1029632K, used 1028622K [0x0000000080000000, 0x00000000bed80000, 0x00000000dEvent: 2401.221 {heap After GC invocations=1278 (full 9):
 PSYoungGen      total 27648K, used 2720K [0x00000000d5580000, 0x00000000d7f00000, 0x0000000100000000)
  eden space 24576K, 0% used [0x00000000d5580000,0x00000000d5580000,0x00000000d6d80000)
  from space 3072K, 88% used [0x00000000d7c00000,0x00000000d7ea8268,0x00000000d7f00000)
  to   space 5120K, 0% used [0x00000000d7500000,0x00000000d7500000,0x00000000d7a00000)
 ParOldGen       total 1036800K, used 1036602K [0x0000000080000000, 0x00000000bf480000, 0x00000000d5580Event: 2401.293 {heap Before GC invocations=1279 (full 9):
 PSYoungGen      total 27648K, used 25629K [0x00000000d5580000, 0x00000000d7f00000, 0x0000000100000000)
  eden space 24576K, 93% used [0x00000000d5580000,0x00000000d6bdf508,0x00000000d6d80000)
  from space 3072K, 88% used [0x00000000d7c00000,0x00000000d7ea8268,0x00000000d7f00000)
  to   space 5120K, 0% used [0x00000000d7500000,0x00000000d7500000,0x00000000d7a00000)
 ParOldGen       total 1036800K, used 1036602K [0x0000000080000000, 0x00000000bf480000, 0x00000000d5Event: 2401.310 {heap After GC invocations=1279 (full 9):
 PSYoungGen      total 37376K, used 192K [0x00000000d5580000, 0x00000000d7c80000, 0x0000000100000000)
  eden space 32256K, 0% used [0x00000000d5580000,0x00000000d5580000,0x00000000d7500000)
  from space 5120K, 3% used [0x00000000d7500000,0x00000000d7530000,0x00000000d7a00000)
  to   space 1536K, 0% used [0x00000000d7b00000,0x00000000d7b00000,0x00000000d7c80000)
 ParOldGen       total 1057280K, used 1056497K [0x0000000080000000, 0x00000000c0880000, 0x00000000d558000Event: 10248.457 {heap Before GC invocations=1280 (full 9):
 PSYoungGen      total 37376K, used 32448K [0x00000000d5580000, 0x00000000d7c80000, 0x0000000100000000)
  eden space 32256K, 100% used [0x00000000d5580000,0x00000000d7500000,0x00000000d7500000)
  from space 5120K, 3% used [0x00000000d7500000,0x00000000d7530000,0x00000000d7a00000)
  to   space 1536K, 0% used [0x00000000d7b00000,0x00000000d7b00000,0x00000000d7c80000)
 ParOldGen       total 1057280K, used 1056497K [0x0000000080000000, 0x00000000c0880000, 0x00000000d5Event: 10248.821 {heap After GC invocations=1280 (full 9):
 PSYoungGen      total 38400K, used 160K [0x00000000d5580000, 0x00000000d7b80000, 0x0000000100000000)
  eden space 37888K, 0% used [0x00000000d5580000,0x00000000d5580000,0x00000000d7a80000)
  from space 512K, 31% used [0x00000000d7b00000,0x00000000d7b28000,0x00000000d7b80000)
  to   space 512K, 0% used [0x00000000d7a80000,0x00000000d7a80000,0x00000000d7b00000)
 ParOldGen       total 1057280K, used 1056521K [0x0000000080000000, 0x00000000c0880000, 0x00000000d5580000Event: 10257.531 {heap Before GC invocations=1281 (full 9):
 PSYoungGen      total 38400K, used 38048K [0x00000000d5580000, 0x00000000d7b80000, 0x0000000100000000)
  eden space 37888K, 100% used [0x00000000d5580000,0x00000000d7a80000,0x00000000d7a80000)
  from space 512K, 31% used [0x00000000d7b00000,0x00000000d7b28000,0x00000000d7b80000)
  to   space 512K, 0% used [0x00000000d7a80000,0x00000000d7a80000,0x00000000d7b00000)
 ParOldGen       total 1057280K, used 1056521K [0x0000000080000000, 0x00000000c0880000, 0x00000000d55Event: 10257.542 {heap After GC invocations=1281 (full 9):
 PSYoungGen      total 37376K, used 512K [0x00000000d5580000, 0x00000000d7b80000, 0x0000000100000000)
  eden space 36864K, 0% used [0x00000000d5580000,0x00000000d5580000,0x00000000d7980000)
  from space 512K, 100% used [0x00000000d7a80000,0x00000000d7b00000,0x00000000d7b00000)
  to   space 512K, 0% used [0x00000000d7b00000,0x00000000d7b00000,0x00000000d7b80000)
 ParOldGen       total 1057280K, used 1056865K [0x0000000080000000, 0x00000000c0880000, 0x00000000d558000
Metaspace Usage History (20 events):
Event: 2383.117 {metaspace Before GC invocations=1272 (full 9):
 Metaspace       used 92454K, committed 94080K, reserved 1179648K
  class space    used 7773K, committed 8512K, reserved 1048576K
}
Event: 2383.128 {metaspace After GC invocations=1272 (full 9):
 Metaspace       used 92454K, committed 94080K, reserved 1179648K
  class space    used 7773K, committed 8512K, reserved 1048576K
}
Event: 2383.155 {metaspace Before GC invocations=1273 (full 9):
 Metaspace       used 92454K, committed 94080K, reserved 1179648K
  class space    used 7773K, committed 8512K, reserved 1048576K
}
Event: 2383.163 {metaspace After GC invocations=1273 (full 9):
 Metaspace       used 92454K, committed 94080K, reserved 1179648K
  class space    used 7773K, committed 8512K, reserved 1048576K
}
Event: 2399.144 {metaspace Before GC invocations=1274 (full 9):
 Metaspace       used 92454K, committed 94080K, reserved 1179648K
  class space    used 7773K, committed 8512K, reserved 1048576K
}
Event: 2399.162 {metaspace After GC invocations=1274 (full 9):
 Metaspace       used 92454K, committed 94080K, reserved 1179648K
  class space    used 7773K, committed 8512K, reserved 1048576K
}
Event: 2399.433 {metaspace Before GC invocations=1275 (full 9):
 Metaspace       used 92460K, committed 94080K, reserved 1179648K
  class space    used 7773K, committed 8512K, reserved 1048576K
}
Event: 2399.460 {metaspace After GC invocations=1275 (full 9):
 Metaspace       used 92460K, committed 94080K, reserved 1179648K
  class space    used 7773K, committed 8512K, reserved 1048576K
}
Event: 2399.469 {metaspace Before GC invocations=1276 (full 9):
 Metaspace       used 92460K, committed 94080K, reserved 1179648K
  class space    used 7773K, committed 8512K, reserved 1048576K
}
Event: 2399.492 {metaspace After GC invocations=1276 (full 9):
 Metaspace       used 92460K, committed 94080K, reserved 1179648K
  class space    used 7773K, committed 8512K, reserved 1048576K
}
Event: 2400.624 {metaspace Before GC invocations=1277 (full 9):
 Metaspace       used 92461K, committed 94080K, reserved 1179648K
  class space    used 7773K, committed 8512K, reserved 1048576K
}
Event: 2400.641 {metaspace After GC invocations=1277 (full 9):
 Metaspace       used 92461K, committed 94080K, reserved 1179648K
  class space    used 7773K, committed 8512K, reserved 1048576K
}
Event: 2401.204 {metaspace Before GC invocations=1278 (full 9):
 Metaspace       used 92465K, committed 94080K, reserved 1179648K
  class space    used 7773K, committed 8512K, reserved 1048576K
}
Event: 2401.221 {metaspace After GC invocations=1278 (full 9):
 Metaspace       used 92465K, committed 94080K, reserved 1179648K
  class space    used 7773K, committed 8512K, reserved 1048576K
}
Event: 2401.293 {metaspace Before GC invocations=1279 (full 9):
 Metaspace       used 92466K, committed 94080K, reserved 1179648K
  class space    used 7773K, committed 8512K, reserved 1048576K
}
Event: 2401.310 {metaspace After GC invocations=1279 (full 9):
 Metaspace       used 92466K, committed 94080K, reserved 1179648K
  class space    used 7773K, committed 8512K, reserved 1048576K
}
Event: 10248.457 {metaspace Before GC invocations=1280 (full 9):
 Metaspace       used 92547K, committed 94208K, reserved 1179648K
  class space    used 7783K, committed 8512K, reserved 1048576K
}
Event: 10248.821 {metaspace After GC invocations=1280 (full 9):
 Metaspace       used 92547K, committed 94208K, reserved 1179648K
  class space    used 7783K, committed 8512K, reserved 1048576K
}
Event: 10257.531 {metaspace Before GC invocations=1281 (full 9):
 Metaspace       used 93214K, committed 94784K, reserved 1179648K
  class space    used 7846K, committed 8512K, reserved 1048576K
}
Event: 10257.542 {metaspace After GC invocations=1281 (full 9):
 Metaspace       used 93214K, committed 94784K, reserved 1179648K
  class space    used 7846K, committed 8512K, reserved 1048576K
}

