# JRE version: Java(TM) SE Runtime Environment (25.0.1+8) (build 25.0.1+8-LTS-27)
# Java VM: Java HotSpot(TM) 64-Bit Server VM (25.0.1+8-LTS-27, mixed mode, sharing, tiered, compressed oops, compressed class ptrs, parallel gc, windows-amd64)
GC Precious Log:
 CardTable entry size: 512
 CPUs: 4 total, 4 available
 Memory: 3970M
 Large Page Support: Disabled
 NUMA Support: Disabled
 Compressed Oops: Enabled (32-bit)
 Alignments: Space 512K, Generation 512K, Heap 2M
 Heap Min Capacity: 100M
 Heap Initial Capacity: 100M
 Heap Max Capacity: 2G
 Pre-touch: Disabled
 Parallel Workers: 4
Heap:
 PSYoungGen      total 30208K, used 9817K [0x00000000d5580000, 0x00000000d7900000, 0x0000000100000000)
  eden space 29184K, 30% used [0x00000000d5580000,0x00000000d5e54ce8,0x00000000d7200000)
  from space 1024K, 75% used [0x00000000d7800000,0x00000000d78c19c0,0x00000000d7900000)
  to   space 3584K, 0% used [0x00000000d7200000,0x00000000d7200000,0x00000000d7580000)
 ParOldGen       total 127488K, used 127127K [0x0000000080000000, 0x0000000087c80000, 0x00000000d5580000)
  object space 127488K, 99% used [0x0000000080000000,0x0000000087c25fa8,0x0000000087c80000)
GC Heap Usage History (20 events):
Event: 81.399 {heap Before GC invocations=58 (full 3):
 PSYoungGen      total 33280K, used 33264K [0x00000000d5580000, 0x00000000d7c00000, 0x0000000100000000)
  eden space 32768K, 100% used [0x00000000d5580000,0x00000000d7580000,0x00000000d7580000)
  from space 512K, 96% used [0x00000000d7b80000,0x00000000d7bfc010,0x00000000d7c00000)
  to   space 2560K, 0% used [0x00000000d7700000,0x00000000d7700000,0x00000000d7980000)
 ParOldGen       total 108544K, used 108536K [0x0000000080000000, 0x0000000086a00000, 0x00000000d55800Event: 81.401 {heap After GC invocations=58 (full 3):
 PSYoungGen      total 34816K, used 1296K [0x00000000d5580000, 0x00000000d7c00000, 0x0000000100000000)
  eden space 32256K, 0% used [0x00000000d5580000,0x00000000d5580000,0x00000000d7500000)
  from space 2560K, 50% used [0x00000000d7700000,0x00000000d7844010,0x00000000d7980000)
  to   space 2048K, 0% used [0x00000000d7a00000,0x00000000d7a00000,0x00000000d7c00000)
 ParOldGen       total 109056K, used 109048K [0x0000000080000000, 0x0000000086a80000, 0x00000000d5580000)Event: 81.430 {heap Before GC invocations=59 (full 3):
 PSYoungGen      total 34816K, used 33552K [0x00000000d5580000, 0x00000000d7c00000, 0x0000000100000000)
  eden space 32256K, 100% used [0x00000000d5580000,0x00000000d7500000,0x00000000d7500000)
  from space 2560K, 50% used [0x00000000d7700000,0x00000000d7844010,0x00000000d7980000)
  to   space 2048K, 0% used [0x00000000d7a00000,0x00000000d7a00000,0x00000000d7c00000)
 ParOldGen       total 109056K, used 109048K [0x0000000080000000, 0x0000000086a80000, 0x00000000d5580Event: 81.432 {heap After GC invocations=59 (full 3):
 PSYoungGen      total 37376K, used 672K [0x00000000d5580000, 0x00000000d7b00000, 0x0000000100000000)
  eden space 36352K, 0% used [0x00000000d5580000,0x00000000d5580000,0x00000000d7900000)
  from space 1024K, 65% used [0x00000000d7a00000,0x00000000d7aa8000,0x00000000d7b00000)
  to   space 1024K, 0% used [0x00000000d7900000,0x00000000d7900000,0x00000000d7a00000)
 ParOldGen       total 110592K, used 110274K [0x0000000080000000, 0x0000000086c00000, 0x00000000d5580000)
Event: 81.515 {heap Before GC invocations=60 (full 3):
 PSYoungGen      total 37376K, used 37023K [0x00000000d5580000, 0x00000000d7b00000, 0x0000000100000000)
  eden space 36352K, 99% used [0x00000000d5580000,0x00000000d78ffff0,0x00000000d7900000)
  from space 1024K, 65% used [0x00000000d7a00000,0x00000000d7aa8000,0x00000000d7b00000)
  to   space 1024K, 0% used [0x00000000d7900000,0x00000000d7900000,0x00000000d7a00000)
 ParOldGen       total 110592K, used 110274K [0x0000000080000000, 0x0000000086c00000, 0x00000000d55800Event: 81.517 {heap After GC invocations=60 (full 3):
 PSYoungGen      total 36352K, used 672K [0x00000000d5580000, 0x00000000d7a80000, 0x0000000100000000)
  eden space 35328K, 0% used [0x00000000d5580000,0x00000000d5580000,0x00000000d7800000)
  from space 1024K, 65% used [0x00000000d7900000,0x00000000d79a8000,0x00000000d7a00000)
  to   space 512K, 0% used [0x00000000d7a00000,0x00000000d7a00000,0x00000000d7a80000)
 ParOldGen       total 111104K, used 110903K [0x0000000080000000, 0x0000000086c80000, 0x00000000d5580000)
 Event: 82.019 {heap Before GC invocations=61 (full 3):
 PSYoungGen      total 36352K, used 36000K [0x00000000d5580000, 0x00000000d7a80000, 0x0000000100000000)
  eden space 35328K, 100% used [0x00000000d5580000,0x00000000d7800000,0x00000000d7800000)
  from space 1024K, 65% used [0x00000000d7900000,0x00000000d79a8000,0x00000000d7a00000)
  to   space 512K, 0% used [0x00000000d7a00000,0x00000000d7a00000,0x00000000d7a80000)
 ParOldGen       total 111104K, used 110903K [0x0000000080000000, 0x0000000086c80000, 0x00000000d55800Event: 82.025 {heap After GC invocations=61 (full 3):
 PSYoungGen      total 32768K, used 506K [0x00000000d5580000, 0x00000000d8100000, 0x0000000100000000)
  eden space 32256K, 0% used [0x00000000d5580000,0x00000000d5580000,0x00000000d7500000)
  from space 512K, 98% used [0x00000000d7a00000,0x00000000d7a7eb20,0x00000000d7a80000)
  to   space 5120K, 0% used [0x00000000d7500000,0x00000000d7500000,0x00000000d7a00000)
 ParOldGen       total 114688K, used 114572K [0x0000000080000000, 0x0000000087000000, 0x00000000d5580000)
 Event: 82.234 {heap Before GC invocations=62 (full 3):
 PSYoungGen      total 32768K, used 32679K [0x00000000d5580000, 0x00000000d8100000, 0x0000000100000000)
  eden space 32256K, 99% used [0x00000000d5580000,0x00000000d74eb3e0,0x00000000d7500000)
  from space 512K, 98% used [0x00000000d7a00000,0x00000000d7a7eb20,0x00000000d7a80000)
  to   space 5120K, 0% used [0x00000000d7500000,0x00000000d7500000,0x00000000d7a00000)
 ParOldGen       total 114688K, used 114572K [0x0000000080000000, 0x0000000087000000, 0x00000000d558000Event: 82.236 {heap After GC invocations=62 (full 3):
 PSYoungGen      total 33792K, used 1654K [0x00000000d5580000, 0x00000000d7a80000, 0x0000000100000000)
  eden space 31744K, 0% used [0x00000000d5580000,0x00000000d5580000,0x00000000d7480000)
  from space 2048K, 80% used [0x00000000d7500000,0x00000000d769dbe8,0x00000000d7700000)
  to   space 2560K, 0% used [0x00000000d7800000,0x00000000d7800000,0x00000000d7a80000)
 ParOldGen       total 115200K, used 115142K [0x0000000080000000, 0x0000000087080000, 0x00000000d5580000)Event: 107.179 {heap Before GC invocations=63 (full 3):
 PSYoungGen      total 33792K, used 33398K [0x00000000d5580000, 0x00000000d7a80000, 0x0000000100000000)
  eden space 31744K, 100% used [0x00000000d5580000,0x00000000d7480000,0x00000000d7480000)
  from space 2048K, 80% used [0x00000000d7500000,0x00000000d769dbe8,0x00000000d7700000)
  to   space 2560K, 0% used [0x00000000d7800000,0x00000000d7800000,0x00000000d7a80000)
 ParOldGen       total 115200K, used 115142K [0x0000000080000000, 0x0000000087080000, 0x00000000d5580Event: 107.189 {heap After GC invocations=63 (full 3):
 PSYoungGen      total 33792K, used 2260K [0x00000000d5580000, 0x00000000d7a80000, 0x0000000100000000)
  eden space 31232K, 0% used [0x00000000d5580000,0x00000000d5580000,0x00000000d7400000)
  from space 2560K, 88% used [0x00000000d7800000,0x00000000d7a35220,0x00000000d7a80000)
  to   space 2560K, 0% used [0x00000000d7580000,0x00000000d7580000,0x00000000d7800000)
 ParOldGen       total 115712K, used 115414K [0x0000000080000000, 0x0000000087100000, 0x00000000d5580000)Event: 109.342 {heap Before GC invocations=64 (full 3):
 PSYoungGen      total 33792K, used 33492K [0x00000000d5580000, 0x00000000d7a80000, 0x0000000100000000)
  eden space 31232K, 99% used [0x00000000d5580000,0x00000000d73fffe0,0x00000000d7400000)
  from space 2560K, 88% used [0x00000000d7800000,0x00000000d7a35220,0x00000000d7a80000)
  to   space 2560K, 0% used [0x00000000d7580000,0x00000000d7580000,0x00000000d7800000)
 ParOldGen       total 115712K, used 115414K [0x0000000080000000, 0x0000000087100000, 0x00000000d55800Event: 109.352 {heap After GC invocations=64 (full 3):
 PSYoungGen      total 33280K, used 2557K [0x00000000d5580000, 0x00000000d7f80000, 0x0000000100000000)
  eden space 30720K, 0% used [0x00000000d5580000,0x00000000d5580000,0x00000000d7380000)
  from space 2560K, 99% used [0x00000000d7580000,0x00000000d77ff4f8,0x00000000d7800000)
  to   space 6144K, 0% used [0x00000000d7980000,0x00000000d7980000,0x00000000d7f80000)
 ParOldGen       total 118272K, used 118246K [0x0000000080000000, 0x0000000087380000, 0x00000000d5580000)Event: 111.040 {heap Before GC invocations=65 (full 3):
 PSYoungGen      total 33280K, used 33159K [0x00000000d5580000, 0x00000000d7f80000, 0x0000000100000000)
  eden space 30720K, 99% used [0x00000000d5580000,0x00000000d73629d0,0x00000000d7380000)
  from space 2560K, 99% used [0x00000000d7580000,0x00000000d77ff4f8,0x00000000d7800000)
  to   space 6144K, 0% used [0x00000000d7980000,0x00000000d7980000,0x00000000d7f80000)
 ParOldGen       total 118272K, used 118246K [0x0000000080000000, 0x0000000087380000, 0x00000000d55800Event: 111.054 {heap After GC invocations=65 (full 3):
 PSYoungGen      total 33280K, used 6124K [0x00000000d5580000, 0x00000000d8600000, 0x0000000100000000)
  eden space 27136K, 0% used [0x00000000d5580000,0x00000000d5580000,0x00000000d7000000)
  from space 6144K, 99% used [0x00000000d7980000,0x00000000d7f7b010,0x00000000d7f80000)
  to   space 9728K, 0% used [0x00000000d7000000,0x00000000d7000000,0x00000000d7980000)
 ParOldGen       total 121344K, used 120903K [0x0000000080000000, 0x0000000087680000, 0x00000000d5580000)Event: 152.961 {heap Before GC invocations=66 (full 3):
 PSYoungGen      total 33280K, used 33113K [0x00000000d5580000, 0x00000000d8600000, 0x0000000100000000)
  eden space 27136K, 99% used [0x00000000d5580000,0x00000000d6fdb470,0x00000000d7000000)
  from space 6144K, 99% used [0x00000000d7980000,0x00000000d7f7b010,0x00000000d7f80000)
  to   space 9728K, 0% used [0x00000000d7000000,0x00000000d7000000,0x00000000d7980000)
 ParOldGen       total 121344K, used 120903K [0x0000000080000000, 0x0000000087680000, 0x00000000d55800Event: 153.067 {heap After GC invocations=66 (full 3):
 PSYoungGen      total 34816K, used 7820K [0x00000000d5580000, 0x00000000d7f80000, 0x0000000100000000)
  eden space 26624K, 0% used [0x00000000d5580000,0x00000000d5580000,0x00000000d6f80000)
  from space 8192K, 95% used [0x00000000d7000000,0x00000000d77a3010,0x00000000d7800000)
  to   space 7680K, 0% used [0x00000000d7800000,0x00000000d7800000,0x00000000d7f80000)
 ParOldGen       total 127488K, used 127063K [0x0000000080000000, 0x0000000087c80000, 0x00000000d5580000)Event: 160.229 {heap Before GC invocations=67 (full 3):
 PSYoungGen      total 34816K, used 34442K [0x00000000d5580000, 0x00000000d7f80000, 0x0000000100000000)
  eden space 26624K, 99% used [0x00000000d5580000,0x00000000d6f7f8a8,0x00000000d6f80000)
  from space 8192K, 95% used [0x00000000d7000000,0x00000000d77a3010,0x00000000d7800000)
  to   space 7680K, 0% used [0x00000000d7800000,0x00000000d7800000,0x00000000d7f80000)
 ParOldGen       total 127488K, used 127063K [0x0000000080000000, 0x0000000087c80000, 0x00000000d55800Event: 160.242 {heap After GC invocations=67 (full 3):
 PSYoungGen      total 30208K, used 774K [0x00000000d5580000, 0x00000000d7900000, 0x0000000100000000)
  eden space 29184K, 0% used [0x00000000d5580000,0x00000000d5580000,0x00000000d7200000)
  from space 1024K, 75% used [0x00000000d7800000,0x00000000d78c19c0,0x00000000d7900000)
  to   space 3584K, 0% used [0x00000000d7200000,0x00000000d7200000,0x00000000d7580000)
 ParOldGen       total 127488K, used 127127K [0x0000000080000000, 0x0000000087c80000, 0x00000000d5580000)

